# JRE version: OpenJDK Runtime Environment (17.0.6) (build 17.0.6+0-b2043.56-9586694)
# Java VM: OpenJDK 64-Bit Server VM (17.0.6+0-b2043.56-9586694, mixed mode, tiered, compressed oops, compressed class ptrs, g1 gc, windows-amd64)
GC Precious Log:
 CPUs: 4 total, 4 available
 Memory: 24496M
 Large Page Support: Disabled
 NUMA Support: Disabled
 Compressed Oops: Enabled (32-bit)
 Heap Region Size: 1M
 Heap Min Capacity: 8M
 Heap Initial Capacity: 384M
 Heap Max Capacity: 2G
 Pre-touch: Disabled
 Parallel Workers: 4
 Concurrent Workers: 1
 Concurrent Refinement Workers: 4
 Periodic GC: Disabled
Heap:
 garbage-first heap   total 512000K, used 335872K [0x0000000080000000, 0x0000000100000000)
  region size 1024K, 23 young (23552K), 4 survivors (4096K)
 Metaspace       used 145553K, committed 146560K, reserved 1179648K
  class space    used 18871K, committed 19328K, reserved 1048576K
GC Heap History (20 events):
Event: 166.060 GC heap before
{Heap before GC invocations=79 (full 0):
 garbage-first heap   total 319488K, used 277841K [0x0000000080000000, 0x0000000100000000)
  region size 1024K, 27 young (27648K), 2 survivors (2048K)
 Metaspace       used 129734K, committed 130752K, reserved 1163264K
  class space    used 17046K, committed 17536K, reserved 1048576K
}
Event: 166.075 GC heap after
{Heap after GC invocations=80 (full 0):
 garbage-first heap   total 319488K, used 252034K [0x0000000080000000, 0x0000000100000000)
  region size 1024K, 3 young (3072K), 3 survivors (3072K)
 Metaspace       used 129734K, committed 130752K, reserved 1163264K
  class space    used 17046K, committed 17536K, reserved 1048576K
}
Event: 167.366 GC heap before
{Heap before GC invocations=80 (full 0):
 garbage-first heap   total 319488K, used 278658K [0x0000000080000000, 0x0000000100000000)
  region size 1024K, 28 young (28672K), 3 survivors (3072K)
 Metaspace       used 134640K, committed 135744K, reserved 1171456K
  class space    used 17596K, committed 18112K, reserved 1048576K
}
Event: 167.372 GC heap after
{Heap after GC invocations=81 (full 0):
 garbage-first heap   total 319488K, used 254674K [0x0000000080000000, 0x0000000100000000)
  region size 1024K, 4 young (4096K), 4 survivors (4096K)
 Metaspace       used 134640K, committed 135744K, reserved 1171456K
  class space    used 17596K, committed 18112K, reserved 1048576K
}
Event: 168.963 GC heap before
{Heap before GC invocations=81 (full 0):
 garbage-first heap   total 319488K, used 280274K [0x0000000080000000, 0x0000000100000000)
  region size 1024K, 27 young (27648K), 4 survivors (4096K)
 Metaspace       used 135175K, committed 136256K, reserved 1171456K
  class space    used 17649K, committed 18176K, reserved 1048576K
}
Event: 168.972 GC heap after
{Heap after GC invocations=82 (full 0):
 garbage-first heap   total 319488K, used 262612K [0x0000000080000000, 0x0000000100000000)
  region size 1024K, 4 young (4096K), 4 survivors (4096K)
 Metaspace       used 135175K, committed 136256K, reserved 1171456K
  class space    used 17649K, committed 18176K, reserved 1048576K
}
Event: 169.385 GC heap before
{Heap before GC invocations=82 (full 0):
 garbage-first heap   total 319488K, used 277972K [0x0000000080000000, 0x0000000100000000)
  region size 1024K, 19 young (19456K), 4 survivors (4096K)
 Metaspace       used 135978K, committed 137024K, reserved 1171456K
  class space    used 17725K, committed 18240K, reserved 1048576K
}
Event: 169.392 GC heap after
{Heap after GC invocations=83 (full 0):
 garbage-first heap   total 319488K, used 267197K [0x0000000080000000, 0x0000000100000000)
  region size 1024K, 3 young (3072K), 3 survivors (3072K)
 Metaspace       used 135978K, committed 137024K, reserved 1171456K
  class space    used 17725K, committed 18240K, reserved 1048576K
}
Event: 169.853 GC heap before
{Heap before GC invocations=83 (full 0):
 garbage-first heap   total 319488K, used 279485K [0x0000000080000000, 0x0000000100000000)
  region size 1024K, 15 young (15360K), 3 survivors (3072K)
 Metaspace       used 139431K, committed 140416K, reserved 1171456K
  class space    used 18033K, committed 18496K, reserved 1048576K
}
Event: 169.858 GC heap after
{Heap after GC invocations=84 (full 0):
 garbage-first heap   total 319488K, used 268191K [0x0000000080000000, 0x0000000100000000)
  region size 1024K, 1 young (1024K), 1 survivors (1024K)
 Metaspace       used 139431K, committed 140416K, reserved 1171456K
  class space    used 18033K, committed 18496K, reserved 1048576K
}
Event: 170.200 GC heap before
{Heap before GC invocations=84 (full 0):
 garbage-first heap   total 319488K, used 281503K [0x0000000080000000, 0x0000000100000000)
  region size 1024K, 15 young (15360K), 1 survivors (1024K)
 Metaspace       used 140148K, committed 141184K, reserved 1179648K
  class space    used 18136K, committed 18624K, reserved 1048576K
}
Event: 170.207 GC heap after
{Heap after GC invocations=85 (full 0):
 garbage-first heap   total 319488K, used 280736K [0x0000000080000000, 0x0000000100000000)
  region size 1024K, 2 young (2048K), 2 survivors (2048K)
 Metaspace       used 140148K, committed 141184K, reserved 1179648K
  class space    used 18136K, committed 18624K, reserved 1048576K
}
Event: 170.544 GC heap before
{Heap before GC invocations=85 (full 0):
 garbage-first heap   total 319488K, used 293024K [0x0000000080000000, 0x0000000100000000)
  region size 1024K, 15 young (15360K), 2 survivors (2048K)
 Metaspace       used 140251K, committed 141248K, reserved 1179648K
  class space    used 18141K, committed 18624K, reserved 1048576K
}
Event: 170.550 GC heap after
{Heap after GC invocations=86 (full 0):
 garbage-first heap   total 319488K, used 294343K [0x0000000080000000, 0x0000000100000000)
  region size 1024K, 2 young (2048K), 2 survivors (2048K)
 Metaspace       used 140251K, committed 141248K, reserved 1179648K
  class space    used 18141K, committed 18624K, reserved 1048576K
}
Event: 170.730 GC heap before
{Heap before GC invocations=86 (full 0):
 garbage-first heap   total 319488K, used 304583K [0x0000000080000000, 0x0000000100000000)
  region size 1024K, 13 young (13312K), 2 survivors (2048K)
 Metaspace       used 140251K, committed 141248K, reserved 1179648K
  class space    used 18141K, committed 18624K, reserved 1048576K
}
Event: 170.741 GC heap after
{Heap after GC invocations=87 (full 0):
 garbage-first heap   total 320512K, used 306688K [0x0000000080000000, 0x0000000100000000)
  region size 1024K, 2 young (2048K), 2 survivors (2048K)
 Metaspace       used 140251K, committed 141248K, reserved 1179648K
  class space    used 18141K, committed 18624K, reserved 1048576K
}
Event: 171.029 GC heap before
{Heap before GC invocations=88 (full 0):
 garbage-first heap   total 512000K, used 315904K [0x0000000080000000, 0x0000000100000000)
  region size 1024K, 15 young (15360K), 2 survivors (2048K)
 Metaspace       used 140398K, committed 141376K, reserved 1179648K
  class space    used 18158K, committed 18624K, reserved 1048576K
}
Event: 171.038 GC heap after
{Heap after GC invocations=89 (full 0):
 garbage-first heap   total 512000K, used 316928K [0x0000000080000000, 0x0000000100000000)
  region size 1024K, 2 young (2048K), 2 survivors (2048K)
 Metaspace       used 140398K, committed 141376K, reserved 1179648K
  class space    used 18158K, committed 18624K, reserved 1048576K
}
Event: 172.454 GC heap before
{Heap before GC invocations=89 (full 0):
 garbage-first heap   total 512000K, used 342528K [0x0000000080000000, 0x0000000100000000)
  region size 1024K, 25 young (25600K), 2 survivors (2048K)
 Metaspace       used 144244K, committed 145216K, reserved 1179648K
  class space    used 18743K, committed 19200K, reserved 1048576K
}
Event: 172.468 GC heap after
{Heap after GC invocations=90 (full 0):
 garbage-first heap   total 512000K, used 316416K [0x0000000080000000, 0x0000000100000000)
  region size 1024K, 4 young (4096K), 4 survivors (4096K)
 Metaspace       used 144244K, committed 145216K, reserved 1179648K
  class space    used 18743K, committed 19200K, reserved 1048576K
}

